<?xml version="1.0" encoding="UTF-8"?>
<testsuite name="hello.QuoteTest" tests="4" skipped="0" failures="0" errors="0" timestamp="2016-08-27T00:15:27" hostname="Mayank-Mishras-MacBook-Air.local" time="0.003">
  <properties/>
  <testcase name="getType" classname="hello.QuoteTest" time="0.001"/>
  <testcase name="setValue" classname="hello.QuoteTest" time="0.0"/>
  <testcase name="getValue" classname="hello.QuoteTest" time="0.0"/>
  <testcase name="setType" classname="hello.QuoteTest" time="0.001"/>
  <system-out><![CDATA[]]></system-out>
  <system-err><![CDATA[]]></system-err>
</testsuite>
